[debug] [2025-12-10T22:56:42.143Z] ----------------------------------------------------------------------
[debug] [2025-12-10T22:56:42.151Z] Command:       C:\Program Files\nodejs\node.exe C:\Users\Vitali\AppData\Roaming\npm\node_modules\firebase-tools\lib\bin\firebase.js deploy
[debug] [2025-12-10T22:56:42.153Z] CLI Version:   14.25.0
[debug] [2025-12-10T22:56:42.154Z] Platform:      win32
[debug] [2025-12-10T22:56:42.154Z] Node Version:  v22.21.1
[debug] [2025-12-10T22:56:42.155Z] Time:          Thu Dec 11 2025 01:56:42 GMT+0300 (Moscow Standard Time)
[debug] [2025-12-10T22:56:42.155Z] ----------------------------------------------------------------------
[debug] 
[debug] [2025-12-10T22:56:43.470Z] > command requires scopes: ["email","openid","https://www.googleapis.com/auth/cloudplatformprojects.readonly","https://www.googleapis.com/auth/firebase","https://www.googleapis.com/auth/cloud-platform"]
[debug] [2025-12-10T22:56:43.472Z] > authorizing via signed-in user (cornevur@gmail.com)
[debug] [2025-12-10T22:56:43.472Z] [iam] checking project alerts-superhub-mobile for permissions ["firebase.projects.get","firebasehosting.sites.update"]
[debug] [2025-12-10T22:56:43.476Z] Checked if tokens are valid: true, expires at: 1765409523300
[debug] [2025-12-10T22:56:43.476Z] Checked if tokens are valid: true, expires at: 1765409523300
[debug] [2025-12-10T22:56:43.481Z] >>> [apiv2][query] POST https://cloudresourcemanager.googleapis.com/v1/projects/alerts-superhub-mobile:testIamPermissions [none]
[debug] [2025-12-10T22:56:43.481Z] >>> [apiv2][(partial)header] POST https://cloudresourcemanager.googleapis.com/v1/projects/alerts-superhub-mobile:testIamPermissions x-goog-quota-user=projects/alerts-superhub-mobile
[debug] [2025-12-10T22:56:43.482Z] >>> [apiv2][body] POST https://cloudresourcemanager.googleapis.com/v1/projects/alerts-superhub-mobile:testIamPermissions {"permissions":["firebase.projects.get","firebasehosting.sites.update"]}
[debug] [2025-12-10T22:56:45.582Z] <<< [apiv2][status] POST https://cloudresourcemanager.googleapis.com/v1/projects/alerts-superhub-mobile:testIamPermissions 200
[debug] [2025-12-10T22:56:45.582Z] <<< [apiv2][body] POST https://cloudresourcemanager.googleapis.com/v1/projects/alerts-superhub-mobile:testIamPermissions {"permissions":["firebase.projects.get","firebasehosting.sites.update"]}
[debug] [2025-12-10T22:56:45.583Z] Checked if tokens are valid: true, expires at: 1765409523300
[debug] [2025-12-10T22:56:45.584Z] Checked if tokens are valid: true, expires at: 1765409523300
[debug] [2025-12-10T22:56:45.585Z] >>> [apiv2][query] GET https://firebase.googleapis.com/v1beta1/projects/alerts-superhub-mobile [none]
